<?xml version="1.0" encoding="UTF-8"?>
<testsuites name="Login1" time="50.877" tests="2" failures="0" errors="0">
   <testsuite name="Login1" tests="2" failures="0" errors="0" time="50.877" skipped="0" timestamp="2024-01-09 22:49:14" hostname="niam - zerone" id="Test Suites/Login/Login1">
      <properties>
         <property name="deviceName" value=""/>
         <property name="devicePlatform" value=""/>
         <property name="logFolder" value="/home/niam/git/learn_katalon1/Reports/20240109_224909/Login/Login1/20240109_224909"/>
         <property name="logFiles" value="/home/niam/git/learn_katalon1/Reports/20240109_224909/Login/Login1/20240109_224909/execution0.log"/>
         <property name="attachments" value=""/>
         <property name="hostName" value="niam - zerone"/>
         <property name="os" value="Linux 64bit"/>
         <property name="katalonVersion" value="9.0.0.212"/>
         <property name="browser" value="Chrome 120.0.0.0"/>
         <property name="hostAddress" value="127.0.1.1"/>
         <property name="sessionId" value="5540a674b6c8f9d653edc243ae5d196d"/>
         <property name="seleniumVersion" value="3.141.59"/>
         <property name="proxyInformation" value="ProxyInformation { proxyOption=NO_PROXY, proxyServerType=HTTP, username=, password=********, proxyServerAddress=, proxyServerPort=0, executionList=&quot;&quot;, isApplyToDesiredCapabilities=true }"/>
         <property name="platform" value="Linux"/>
      </properties>
      <testcase name="Test Cases/Login Standard User" time="12.563" classname="Test Cases/Login Standard User" status="PASSED">
         <system-out><![CDATA[2024-01-09 22:49:15 - [TEST_CASE][PASSED] - Test Cases/Login Standard User: Test Cases/Login Standard User

2024-01-09 22:49:15 - [TEST_STEP][PASSED] - openBrowser(""): Browser is opened with url: ''

2024-01-09 22:49:15 - [MESSAGE][INFO] - Starting 'Chrome' driver

2024-01-09 22:49:16 - [MESSAGE][INFO] - Action delay is set to 0 milliseconds

2024-01-09 22:49:17 - [MESSAGE][PASSED] - Browser is opened with url: ''

2024-01-09 22:49:18 - [TEST_STEP][PASSED] - navigateToUrl("https://www.saucedemo.com/"): Navigate to 'https://www.saucedemo.com/' successfully

2024-01-09 22:49:19 - [MESSAGE][PASSED] - Navigate to 'https://www.saucedemo.com/' successfully

2024-01-09 22:49:19 - [TEST_STEP][PASSED] - setText(findTestObject("Object Repository/Page_Swag Labs/input_user-name"), "standard_user"): Text 'standard_user' is set on object 'Object Repository/Page_Swag Labs/input_user-name'

2024-01-09 22:49:25 - [MESSAGE][PASSED] - Text 'standard_user' is set on object 'Object Repository/Page_Swag Labs/input_user-name'

2024-01-09 22:49:25 - [TEST_STEP][PASSED] - setEncryptedText(findTestObject("Object Repository/Page_Swag Labs/input_password"), "qcu24s4901FyWDTwXGr6XA=="): Text ****** has been set on object 'Object Repository/Page_Swag Labs/input_password'

2024-01-09 22:49:26 - [MESSAGE][PASSED] - Text ****** has been set on object 'Object Repository/Page_Swag Labs/input_password'

2024-01-09 22:49:26 - [TEST_STEP][PASSED] - click(findTestObject("Object Repository/Page_Swag Labs/input_login-button")): Object: 'Object Repository/Page_Swag Labs/input_login-button' is clicked on

2024-01-09 22:49:27 - [MESSAGE][PASSED] - Object: 'Object Repository/Page_Swag Labs/input_login-button' is clicked on

2024-01-09 22:49:27 - [TEST_STEP][PASSED] - verifyElementVisible(findTestObject("Object Repository/Page_Swag Labs/div_Swag Labs")): Object 'Object Repository/Page_Swag Labs/div_Swag Labs' is visible

2024-01-09 22:49:27 - [MESSAGE][PASSED] - Object 'Object Repository/Page_Swag Labs/div_Swag Labs' is visible

2024-01-09 22:49:27 - [TEST_STEP][PASSED] - closeBrowser(): Browser is closed

2024-01-09 22:49:27 - [MESSAGE][PASSED] - Browser is closed]]></system-out>
         <system-err><![CDATA[]]></system-err>
      </testcase>
      <testcase name="Test Cases/Login Locked User" time="38.04" classname="Test Cases/Login Locked User" status="PASSED">
         <system-out><![CDATA[2024-01-09 22:49:27 - [TEST_CASE][PASSED] - Test Cases/Login Locked User: Test Cases/Login Locked User

2024-01-09 22:49:28 - [TEST_STEP][PASSED] - openBrowser(""): Browser is opened with url: ''

2024-01-09 22:49:28 - [MESSAGE][INFO] - Starting 'Chrome' driver

2024-01-09 22:49:28 - [MESSAGE][INFO] - Action delay is set to 0 milliseconds

2024-01-09 22:49:29 - [MESSAGE][PASSED] - Browser is opened with url: ''

2024-01-09 22:49:29 - [TEST_STEP][PASSED] - navigateToUrl("https://www.saucedemo.com/"): Navigate to 'https://www.saucedemo.com/' successfully

2024-01-09 22:49:31 - [MESSAGE][PASSED] - Navigate to 'https://www.saucedemo.com/' successfully

2024-01-09 22:49:31 - [TEST_STEP][PASSED] - setText(findTestObject("Object Repository/Page_Swag Labs/input_user-name"), "locked_out_user"): Text 'locked_out_user' is set on object 'Object Repository/Page_Swag Labs/input_user-name'

2024-01-09 22:49:34 - [MESSAGE][PASSED] - Text 'locked_out_user' is set on object 'Object Repository/Page_Swag Labs/input_user-name'

2024-01-09 22:49:34 - [TEST_STEP][PASSED] - setEncryptedText(findTestObject("Object Repository/Page_Swag Labs/input_password"), "qcu24s4901FyWDTwXGr6XA=="): Text ****** has been set on object 'Object Repository/Page_Swag Labs/input_password'

2024-01-09 22:49:34 - [MESSAGE][PASSED] - Text ****** has been set on object 'Object Repository/Page_Swag Labs/input_password'

2024-01-09 22:49:34 - [TEST_STEP][PASSED] - click(findTestObject("Object Repository/Page_Swag Labs/input_login-button")): Object: 'Object Repository/Page_Swag Labs/input_login-button' is clicked on

2024-01-09 22:49:35 - [MESSAGE][PASSED] - Object: 'Object Repository/Page_Swag Labs/input_login-button' is clicked on

2024-01-09 22:49:35 - [TEST_STEP][PASSED] - verifyElementVisible(findTestObject("Object Repository/Page_Swag Labs/h3_Epic sadface Sorry, this user has been l_a91fd7")): Object 'Object Repository/Page_Swag Labs/h3_Epic sadface Sorry, this user has been l_a91fd7' is visible

2024-01-09 22:50:05 - [MESSAGE][PASSED] - Object 'Object Repository/Page_Swag Labs/h3_Epic sadface Sorry, this user has been l_a91fd7' is visible

2024-01-09 22:50:05 - [TEST_STEP][PASSED] - closeBrowser(): Browser is closed

2024-01-09 22:50:05 - [MESSAGE][PASSED] - Browser is closed]]></system-out>
         <system-err><![CDATA[]]></system-err>
      </testcase>
      <system-out><![CDATA[2024-01-09 22:49:14 - [TEST_SUITE][PASSED] - Login1: Test Cases/Login Locked User]]></system-out>
      <system-err><![CDATA[]]></system-err>
   </testsuite>
</testsuites>
